16:03:16.290 [restartedMain] INFO  o.t.p.s.PaymentSimpleApplication 50 - Starting PaymentSimpleApplication on HanleyTang-Mac.local with PID 14346 (/zone/codes/payment-simple/target/classes started by HanleyTang in /zone/codes/payment-simple)
16:03:16.310 [restartedMain] INFO  o.t.p.s.PaymentSimpleApplication 675 - No active profile set, falling back to default profiles: default
16:03:16.427 [restartedMain] INFO  o.s.b.d.e.DevToolsPropertyDefaultsPostProcessor 227 - Devtools property defaults active! Set 'spring.devtools.add-properties' to 'false' to disable
16:03:16.428 [restartedMain] INFO  o.s.b.d.e.DevToolsPropertyDefaultsPostProcessor 227 - For additional web related logging consider setting the 'logging.level.web' property to 'DEBUG'
16:03:17.692 [restartedMain] INFO  o.s.b.w.e.t.TomcatWebServer 90 - Tomcat initialized with port(s): 8080 (http)
16:03:17.702 [restartedMain] INFO  o.a.c.h.Http11NioProtocol 173 - Initializing ProtocolHandler ["http-nio-8080"]
16:03:17.711 [restartedMain] INFO  o.a.c.c.StandardService 173 - Starting service [Tomcat]
16:03:17.712 [restartedMain] INFO  o.a.c.c.StandardEngine 173 - Starting Servlet Engine: Apache Tomcat/9.0.13
16:03:17.718 [restartedMain] INFO  o.a.c.c.AprLifecycleListener 173 - The APR based Apache Tomcat Native library which allows optimal performance in production environments was not found on the java.library.path: [/Users/HanleyTang/Library/Java/Extensions:/Library/Java/Extensions:/Network/Library/Java/Extensions:/System/Library/Java/Extensions:/usr/lib/java:.]
16:03:17.802 [restartedMain] INFO  o.a.c.c.C.[.[.[/] 173 - Initializing Spring embedded WebApplicationContext
16:03:17.802 [restartedMain] INFO  o.s.w.c.ContextLoader 296 - Root WebApplicationContext: initialization completed in 1374 ms
16:03:18.027 [restartedMain] INFO  o.s.s.c.ThreadPoolTaskExecutor 171 - Initializing ExecutorService 'applicationTaskExecutor'
16:03:18.099 [restartedMain] INFO  o.s.b.a.w.s.WelcomePageHandlerMapping 56 - Adding welcome page: class path resource [static/index.html]
16:03:18.151 [restartedMain] INFO  o.s.b.d.a.OptionalLiveReloadServer 57 - LiveReload server is running on port 35729
16:03:18.176 [restartedMain] INFO  o.a.c.h.Http11NioProtocol 173 - Starting ProtocolHandler ["http-nio-8080"]
16:03:18.200 [restartedMain] INFO  o.a.t.u.n.NioSelectorPool 173 - Using a shared selector for servlet write/read
16:03:18.212 [restartedMain] INFO  o.s.b.w.e.t.TomcatWebServer 204 - Tomcat started on port(s): 8080 (http) with context path ''
16:03:18.216 [restartedMain] INFO  o.t.p.s.PaymentSimpleApplication 59 - Started PaymentSimpleApplication in 2.791 seconds (JVM running for 5.496)
16:03:29.412 [http-nio-8080-exec-1] INFO  o.a.c.c.C.[.[.[/] 173 - Initializing Spring DispatcherServlet 'dispatcherServlet'
16:03:29.413 [http-nio-8080-exec-1] INFO  o.s.w.s.DispatcherServlet 524 - Initializing Servlet 'dispatcherServlet'
16:03:29.428 [http-nio-8080-exec-1] INFO  o.s.w.s.DispatcherServlet 546 - Completed initialization in 13 ms
16:08:48.866 [Thread-15] INFO  o.s.s.c.ThreadPoolTaskExecutor 208 - Shutting down ExecutorService 'applicationTaskExecutor'
